# JRE version: OpenJDK Runtime Environment (8.0_212) (build 1.8.0_212-release-1586-b4-5784211)
# Java VM: OpenJDK 64-Bit Server VM (25.212-b4-5784211 mixed mode linux-amd64 compressed oops)
Heap:
 PSYoungGen      total 427520K, used 240805K [0x00000000e0000000, 0x0000000100000000, 0x0000000100000000)
  eden space 350208K, 46% used [0x00000000e0000000,0x00000000ea0aa2c0,0x00000000f5600000)
  from space 77312K, 98% used [0x00000000f5600000,0x00000000fa07f3c0,0x00000000fa180000)
  to   space 88064K, 0% used [0x00000000faa00000,0x00000000faa00000,0x0000000100000000)
 ParOldGen       total 201216K, used 54762K [0x00000000a0000000, 0x00000000ac480000, 0x00000000e0000000)
  object space 201216K, 27% used [0x00000000a0000000,0x00000000a357a828,0x00000000ac480000)
 Metaspace       used 144631K, capacity 156016K, committed 156248K, reserved 1185792K
  class space    used 18727K, capacity 20862K, committed 20864K, reserved 1048576K
GC Heap History (10 events):
Event: 5125,703 GC heap before
{Heap before GC invocations=27 (full 4):
 PSYoungGen      total 442880K, used 442871K [0x00000000e0000000, 0x00000000ffb00000, 0x0000000100000000)
  eden space 401408K, 100% used [0x00000000e0000000,0x00000000f8800000,0x00000000f8800000)
  from space 41472K, 99% used [0x00000000fd280000,0x00000000ffafdd08,0x00000000ffb00000)
  to   space 55296K, 0% used [0x00000000f8f00000,0x00000000f8f00000,0x00000000fc500000)
 ParOldGen       total 201216K, used 54722K [0x00000000a0000000, 0x00000000ac480000, 0x00000000e0000000)
  object space 201216K, 27% used [0x00000000a0000000,0x00000000a3570828,0x00000000ac480000)
 Metaspace       used 130124K, capacity 140188K, committed 140376K, reserved 1171456K
  class space    used 16810K, capacity 18706K, committed 18816K, reserved 1048576K
Event: 5125,739 GC heap after
Heap after GC invocations=27 (full 4):
 PSYoungGen      total 437248K, used 50470K [0x00000000e0000000, 0x00000000ff180000, 0x0000000100000000)
  eden space 386560K, 0% used [0x00000000e0000000,0x00000000e0000000,0x00000000f7980000)
  from space 50688K, 99% used [0x00000000f8f00000,0x00000000fc049b78,0x00000000fc080000)
  to   space 50176K, 0% used [0x00000000fc080000,0x00000000fc080000,0x00000000ff180000)
 ParOldGen       total 201216K, used 54730K [0x00000000a0000000, 0x00000000ac480000, 0x00000000e0000000)
  object space 201216K, 27% used [0x00000000a0000000,0x00000000a3572828,0x00000000ac480000)
 Metaspace       used 130124K, capacity 140188K, committed 140376K, reserved 1171456K
  class space    used 16810K, capacity 18706K, committed 18816K, reserved 1048576K
}
Event: 5133,484 GC heap before
{Heap before GC invocations=28 (full 4):
 PSYoungGen      total 437248K, used 437030K [0x00000000e0000000, 0x00000000ff180000, 0x0000000100000000)
  eden space 386560K, 100% used [0x00000000e0000000,0x00000000f7980000,0x00000000f7980000)
  from space 50688K, 99% used [0x00000000f8f00000,0x00000000fc049b78,0x00000000fc080000)
  to   space 50176K, 0% used [0x00000000fc080000,0x00000000fc080000,0x00000000ff180000)
 ParOldGen       total 201216K, used 54730K [0x00000000a0000000, 0x00000000ac480000, 0x00000000e0000000)
  object space 201216K, 27% used [0x00000000a0000000,0x00000000a3572828,0x00000000ac480000)
 Metaspace       used 133570K, capacity 143846K, committed 144088K, reserved 1173504K
  class space    used 17173K, capacity 19105K, committed 19200K, reserved 1048576K
Event: 5133,519 GC heap after
Heap after GC invocations=28 (full 4):
 PSYoungGen      total 415744K, used 42981K [0x00000000e0000000, 0x00000000fea80000, 0x0000000100000000)
  eden space 372736K, 0% used [0x00000000e0000000,0x00000000e0000000,0x00000000f6c00000)
  from space 43008K, 99% used [0x00000000fc080000,0x00000000fea794e0,0x00000000fea80000)
  to   space 63488K, 0% used [0x00000000f6e80000,0x00000000f6e80000,0x00000000fac80000)
 ParOldGen       total 201216K, used 54738K [0x00000000a0000000, 0x00000000ac480000, 0x00000000e0000000)
  object space 201216K, 27% used [0x00000000a0000000,0x00000000a3574828,0x00000000ac480000)
 Metaspace       used 133570K, capacity 143846K, committed 144088K, reserved 1173504K
  class space    used 17173K, capacity 19105K, committed 19200K, reserved 1048576K
}
Event: 5136,115 GC heap before
{Heap before GC invocations=29 (full 4):
 PSYoungGen      total 415744K, used 415717K [0x00000000e0000000, 0x00000000fea80000, 0x0000000100000000)
  eden space 372736K, 100% used [0x00000000e0000000,0x00000000f6c00000,0x00000000f6c00000)
  from space 43008K, 99% used [0x00000000fc080000,0x00000000fea794e0,0x00000000fea80000)
  to   space 63488K, 0% used [0x00000000f6e80000,0x00000000f6e80000,0x00000000fac80000)
 ParOldGen       total 201216K, used 54738K [0x00000000a0000000, 0x00000000ac480000, 0x00000000e0000000)
  object space 201216K, 27% used [0x00000000a0000000,0x00000000a3574828,0x00000000ac480000)
 Metaspace       used 135437K, capacity 145728K, committed 145880K, reserved 1175552K
  class space    used 17401K, capacity 19342K, committed 19456K, reserved 1048576K
Event: 5136,172 GC heap after
Heap after GC invocations=29 (full 4):
 PSYoungGen      total 411136K, used 51453K [0x00000000e0000000, 0x00000000fe400000, 0x0000000100000000)
  eden space 359424K, 0% used [0x00000000e0000000,0x00000000e0000000,0x00000000f5f00000)
  from space 51712K, 99% used [0x00000000f6e80000,0x00000000fa0bf420,0x00000000fa100000)
  to   space 68096K, 0% used [0x00000000fa180000,0x00000000fa180000,0x00000000fe400000)
 ParOldGen       total 201216K, used 54746K [0x00000000a0000000, 0x00000000ac480000, 0x00000000e0000000)
  object space 201216K, 27% used [0x00000000a0000000,0x00000000a3576828,0x00000000ac480000)
 Metaspace       used 135437K, capacity 145728K, committed 145880K, reserved 1175552K
  class space    used 17401K, capacity 19342K, committed 19456K, reserved 1048576K
}
Event: 5137,699 GC heap before
{Heap before GC invocations=30 (full 4):
 PSYoungGen      total 411136K, used 410877K [0x00000000e0000000, 0x00000000fe400000, 0x0000000100000000)
  eden space 359424K, 100% used [0x00000000e0000000,0x00000000f5f00000,0x00000000f5f00000)
  from space 51712K, 99% used [0x00000000f6e80000,0x00000000fa0bf420,0x00000000fa100000)
  to   space 68096K, 0% used [0x00000000fa180000,0x00000000fa180000,0x00000000fe400000)
 ParOldGen       total 201216K, used 54746K [0x00000000a0000000, 0x00000000ac480000, 0x00000000e0000000)
  object space 201216K, 27% used [0x00000000a0000000,0x00000000a3576828,0x00000000ac480000)
 Metaspace       used 143111K, capacity 154406K, committed 154584K, reserved 1183744K
  class space    used 18534K, capacity 20665K, committed 20736K, reserved 1048576K
Event: 5137,749 GC heap after
Heap after GC invocations=30 (full 4):
 PSYoungGen      total 418304K, used 66891K [0x00000000e0000000, 0x0000000100000000, 0x0000000100000000)
  eden space 350208K, 0% used [0x00000000e0000000,0x00000000e0000000,0x00000000f5600000)
  from space 68096K, 98% used [0x00000000fa180000,0x00000000fe2d2ea0,0x00000000fe400000)
  to   space 77312K, 0% used [0x00000000f5600000,0x00000000f5600000,0x00000000fa180000)
 ParOldGen       total 201216K, used 54754K [0x00000000a0000000, 0x00000000ac480000, 0x00000000e0000000)
  object space 201216K, 27% used [0x00000000a0000000,0x00000000a3578828,0x00000000ac480000)
 Metaspace       used 143111K, capacity 154406K, committed 154584K, reserved 1183744K
  class space    used 18534K, capacity 20665K, committed 20736K, reserved 1048576K
}
Event: 5139,407 GC heap before
{Heap before GC invocations=31 (full 4):
 PSYoungGen      total 418304K, used 417099K [0x00000000e0000000, 0x0000000100000000, 0x0000000100000000)
  eden space 350208K, 100% used [0x00000000e0000000,0x00000000f5600000,0x00000000f5600000)
  from space 68096K, 98% used [0x00000000fa180000,0x00000000fe2d2ea0,0x00000000fe400000)
  to   space 77312K, 0% used [0x00000000f5600000,0x00000000f5600000,0x00000000fa180000)
 ParOldGen       total 201216K, used 54754K [0x00000000a0000000, 0x00000000ac480000, 0x00000000e0000000)
  object space 201216K, 27% used [0x00000000a0000000,0x00000000a3578828,0x00000000ac480000)
 Metaspace       used 144441K, capacity 155798K, committed 155992K, reserved 1183744K
  class space    used 18724K, capacity 20859K, committed 20864K, reserved 1048576K
Event: 5139,474 GC heap after
Heap after GC invocations=31 (full 4):
 PSYoungGen      total 427520K, used 76284K [0x00000000e0000000, 0x0000000100000000, 0x0000000100000000)
  eden space 350208K, 0% used [0x00000000e0000000,0x00000000e0000000,0x00000000f5600000)
  from space 77312K, 98% used [0x00000000f5600000,0x00000000fa07f3c0,0x00000000fa180000)
  to   space 88064K, 0% used [0x00000000faa00000,0x00000000faa00000,0x0000000100000000)
 ParOldGen       total 201216K, used 54762K [0x00000000a0000000, 0x00000000ac480000, 0x00000000e0000000)
  object space 201216K, 27% used [0x00000000a0000000,0x00000000a357a828,0x00000000ac480000)
 Metaspace       used 144441K, capacity 155798K, committed 155992K, reserved 1183744K
  class space    used 18724K, capacity 20859K, committed 20864K, reserved 1048576K
}

